<?xml version="1.0" encoding="UTF-8"?>
<!-- Generated by org.testng.reporters.JUnitXMLReporter -->
<testsuite hostname="DESKTOP-V298B6A" ignored="1" name="amazonsmoke" tests="2" failures="0" timestamp="06 Jan 2019 15:58:22 GMT" time="49.9" errors="0">
  <testcase name="registerAmazon" time="6.879" classname="com.test.testng.examples.AmazonTest"/>
  <testcase name="RegisterUser" time="29.061" classname="com.test.testng.examples.Demoaut"/>
  <testcase name="loginAmazon" time="0.0" classname="com.test.testng.examples.AmazonTest">
    <ignored/>
  </testcase> <!-- loginAmazon -->
</testsuite> <!-- amazonsmoke -->
