<?xml version="1.0" encoding="UTF-8"?>
<!-- Generated by org.testng.reporters.JUnitXMLReporter -->
<testsuite hostname="DESKTOP-V298B6A" ignored="7" name="groupingexample" tests="3" failures="1" timestamp="06 Jan 2019 16:55:42 GMT" time="3.044" errors="0">
  <testcase name="Accord" time="0.011" classname="com.test.testng.examples.GroupingCars"/>
  <testcase name="Civic" time="0.001" classname="com.test.testng.examples.GroupingCars"/>
  <testcase name="registerAmazon" time="3.004" classname="com.test.testng.examples.AmazonTest">
    <failure type="java.lang.NullPointerException">
      <![CDATA[java.lang.NullPointerException
at com.test.testng.examples.AmazonTest.registerAmazon(AmazonTest.java:28)
... Removed 25 stack frames]]>
    </failure>
  </testcase> <!-- registerAmazon -->
  <testcase name="Q5" time="0.0" classname="com.test.testng.examples.GroupingCars">
    <ignored/>
  </testcase> <!-- Q5 -->
  <testcase name="BMW328" time="0.0" classname="com.test.testng.examples.GroupingCars">
    <ignored/>
  </testcase> <!-- BMW328 -->
  <testcase name="X5" time="0.0" classname="com.test.testng.examples.GroupingCars">
    <ignored/>
  </testcase> <!-- X5 -->
  <testcase name="A4" time="0.0" classname="com.test.testng.examples.GroupingCars">
    <ignored/>
  </testcase> <!-- A4 -->
  <testcase name="TeslaTruck" time="0.0" classname="com.test.testng.examples.GroupingCars">
    <ignored/>
  </testcase> <!-- TeslaTruck -->
  <testcase name="CRV" time="0.0" classname="com.test.testng.examples.GroupingCars">
    <ignored/>
  </testcase> <!-- CRV -->
  <testcase name="loginAmazon" time="0.0" classname="com.test.testng.examples.AmazonTest">
    <ignored/>
  </testcase> <!-- loginAmazon -->
</testsuite> <!-- groupingexample -->
